#
# A fatal error has been detected by the Java Runtime Environment:
#
#  EXCEPTION_ACCESS_VIOLATION (0xc0000005) at pc=0x00007ffaa1027bfb, pid=21196, tid=15048
#
# JRE version: Java(TM) SE Runtime Environment (13.0.2+8) (build 13.0.2+8)
# Java VM: Java HotSpot(TM) 64-Bit Server VM (13.0.2+8, mixed mode, sharing, tiered, compressed oops, g1 gc, windows-amd64)
# Problematic frame:
# V  [jvm.dll+0x6a7bfb]
#
# No core dump will be written. Minidumps are not enabled by default on client versions of Windows
#
# If you would like to submit a bug report, please visit:
#   http://bugreport.java.com/bugreport/crash.jsp
#

---------------  S U M M A R Y ------------

Command Line: -agentlib:jdwp=transport=dt_socket,suspend=y,address=localhost:55498 -javaagent:C:\Users\46737\eclipse\java-2019-12\eclipse\configuration\org.eclipse.osgi\226\0\.cp\lib\javaagent-shaded.jar -Dfile.encoding=Cp1252 Solutions.RocketEquation

Host: Intel(R) Core(TM) i5-8265U CPU @ 1.60GHz, 8 cores, 7G,  Windows 10 , 64 bit Build 17763 (10.0.17763.475)
Time: Sun Mar 15 13:47:02 2020 W. Europe Standard Time elapsed time: 458 seconds (0d 0h 7m 38s)

---------------  T H R E A D  ---------------

Current thread (0x000001f0d563b800):  JavaThread "JDWP Transport Listener: dt_socket" daemon [_thread_in_vm, id=15048, stack(0x000000c698c00000,0x000000c698d00000)] _threads_hazard_ptr=0x000001f0d56d85a0

Stack: [0x000000c698c00000,0x000000c698d00000],  sp=0x000000c698cfe5a0,  free space=1017k
Native frames: (J=compiled Java code, j=interpreted, Vv=VM code, C=native code)
V  [jvm.dll+0x6a7bfb]
V  [jvm.dll+0x32fd73]
V  [jvm.dll+0x331a8b]
V  [jvm.dll+0x33235e]
V  [jvm.dll+0x32fbcc]
V  [jvm.dll+0x32ee02]
V  [jvm.dll+0x6141e5]
V  [jvm.dll+0x613f6d]
V  [jvm.dll+0x5ddb03]
V  [jvm.dll+0x76840f]
V  [jvm.dll+0x4f6476]
V  [jvm.dll+0x7776dd]
V  [jvm.dll+0x4dc54e]
V  [jvm.dll+0x4a0d60]
C  [jdwp.dll+0x7bbc]


siginfo: EXCEPTION_ACCESS_VIOLATION (0xc0000005), reading address 0x0000000000000006


Register to memory mapping:

RIP=0x00007ffaa1027bfb jvm.dll
RAX=0x000000c698cfe630 is pointing into the stack for thread: 0x000001f0d563b800
RBX=0x000000c698cfe600 is pointing into the stack for thread: 0x000001f0d563b800
RCX=0x0 is NULL
RDX=0x0 is NULL
RSP=0x000000c698cfe5a0 is pointing into the stack for thread: 0x000001f0d563b800
RBP=0x000000c698cfeb40 is pointing into the stack for thread: 0x000001f0d563b800
RSI=0x0 is NULL
RDI=0x0 is NULL
R8 =0x0 is NULL
R9 =0x000001f0d4fa0208 is pointing into metadata
R10=0x00007ffaa0980000 jvm.dll
R11=0x000000c698cfea60 is pointing into the stack for thread: 0x000001f0d563b800
R12=0x000001f0d5462908 points into unknown readable memory: 00 4b 30 8b 50 00 00 00
R13=0x0000000000000078 is an unknown value
R14=0x000001f0d4fa0a0f is pointing into metadata
R15=0x00000000000000a7 is an unknown value


Registers:
RAX=0x000000c698cfe630, RBX=0x000000c698cfe600, RCX=0x0000000000000000, RDX=0x0000000000000000
RSP=0x000000c698cfe5a0, RBP=0x000000c698cfeb40, RSI=0x0000000000000000, RDI=0x0000000000000000
R8 =0x0000000000000000, R9 =0x000001f0d4fa0208, R10=0x00007ffaa0980000, R11=0x000000c698cfea60
R12=0x000001f0d5462908, R13=0x0000000000000078, R14=0x000001f0d4fa0a0f, R15=0x00000000000000a7
RIP=0x00007ffaa1027bfb, EFLAGS=0x0000000000010246

Top of Stack: (sp=0x000000c698cfe5a0)
0x000000c698cfe5a0:   000000c698cfe600 0000000000000000
0x000000c698cfe5b0:   0000000000000000 0000000000000000
0x000000c698cfe5c0:   0000000000000001 00007ffaa0cafd73
0x000000c698cfe5d0:   0000000000000000 000000c698cfecb0
0x000000c698cfe5e0:   0000000000000000 0000000000000000
0x000000c698cfe5f0:   0000000000000000 0000000000000000
0x000000c698cfe600:   00007ffaa11fffa0 0000000000000000
0x000000c698cfe610:   0000000000000000 000000000000000a
0x000000c698cfe620:   000000c698cfe630 0000000000000000
0x000000c698cfe630:   000000002fffffff 0000000000000000
0x000000c698cfe640:   4fffffff2fffffff 0000000000000000
0x000000c698cfe650:   0000000000000000 0000000000000000
0x000000c698cfe660:   0000000000000000 0000000000000000
0x000000c698cfe670:   0000000000000000 0000000000000000
0x000000c698cfe680:   0000000000000000 0000000000000000
0x000000c698cfe690:   0000000000000000 0000000000000000 

Instructions: (pc=0x00007ffaa1027bfb)
0x00007ffaa1027afb:   48 8b cb ff 50 30 ff 43 14 48 c1 ef 04 eb 86 48
0x00007ffaa1027b0b:   8b 03 45 33 c0 33 d2 48 8b cb ff 50 48 ff 43 14
0x00007ffaa1027b1b:   48 c1 ef 04 e9 6c ff ff ff 48 8b 03 48 8b cb ff
0x00007ffaa1027b2b:   50 38 83 43 14 02 48 c1 ef 04 e9 56 ff ff ff 48
0x00007ffaa1027b3b:   8b 03 48 8b cb ff 50 10 ff 43 14 48 c1 ef 04 e9
0x00007ffaa1027b4b:   41 ff ff ff 48 8b 03 48 8b cb ff 50 18 83 43 14
0x00007ffaa1027b5b:   02 48 c1 ef 04 e9 2b ff ff ff 48 8b 0d 24 ac 3e
0x00007ffaa1027b6b:   00 48 8d 15 dd 8a 22 00 e8 68 f4 f7 ff 48 8b 0d
0x00007ffaa1027b7b:   11 ac 3e 00 48 8d 15 e2 8a 22 00 4c 8b c6 e8 52
0x00007ffaa1027b8b:   f4 f7 ff ba c2 00 00 00 48 8d 0d 56 8a 22 00 e8
0x00007ffaa1027b9b:   31 42 ba ff e8 4c cf f7 ff 48 c1 ef 04 e9 e3 fe
0x00007ffaa1027bab:   ff ff 0f 1f 00 b1 7a 6a 00 c2 7a 6a 00 d4 7a 6a
0x00007ffaa1027bbb:   00 e6 7a 6a 00 f8 7a 6a 00 24 7b 6a 00 3a 7b 6a
0x00007ffaa1027bcb:   00 4f 7b 6a 00 0a 7b 6a 00 68 7a 6a 00 cc cc cc
0x00007ffaa1027bdb:   cc cc cc cc cc 40 53 48 83 ec 20 c7 41 10 00 00
0x00007ffaa1027beb:   00 00 48 8b d9 48 89 7c 24 38 48 8b 79 08 33 c9
0x00007ffaa1027bfb:   80 7f 06 28 74 26 44 8d 49 28 8d 51 36 48 8d 0d
0x00007ffaa1027c0b:   e1 89 22 00 4c 8d 05 ca 89 22 00 e8 35 40 ba ff
0x00007ffaa1027c1b:   e8 d0 ce f7 ff 8b 4b 10 48 8b 7b 08 8d 41 01 48
0x00007ffaa1027c2b:   63 c9 89 43 10 80 7c 39 07 29 0f 84 d3 00 00 00
0x00007ffaa1027c3b:   48 89 74 24 30 44 8b c0 48 8d 35 b6 83 95 ff 66
0x00007ffaa1027c4b:   0f 1f 44 00 00 49 63 c8 0f be 54 39 06 83 c2 be
0x00007ffaa1027c5b:   83 fa 19 77 7b 48 63 ca 0f b6 8c 0e bc 7d 6a 00
0x00007ffaa1027c6b:   8b 94 8e ac 7d 6a 00 48 03 d6 ff e2 41 8d 40 01
0x00007ffaa1027c7b:   89 43 10 eb 74 48 63 c8 ff c0 89 43 10 44 8b c0
0x00007ffaa1027c8b:   80 7c 39 06 3b 75 ee eb 63 0f 1f 40 00 0f 1f 84
0x00007ffaa1027c9b:   00 00 00 00 00 ff c0 48 63 c8 89 43 10 0f b6 54
0x00007ffaa1027cab:   39 06 80 fa 5b 74 ee 80 fa 4c 75 1d 66 0f 1f 84
0x00007ffaa1027cbb:   00 00 00 00 00 48 63 c8 ff c0 89 43 10 44 8b c0
0x00007ffaa1027ccb:   80 7c 39 06 3b 75 ee eb 23 ff c0 89 43 10 eb 19
0x00007ffaa1027cdb:   ba f1 00 00 00 48 8d 0d 09 89 22 00 e8 e4 40 ba
0x00007ffaa1027ceb:   ff e8 ff cd f7 ff 8b 43 10 44 8b c0 49 63 c8 80 


Stack slot to memory mapping:
stack at sp + 0 slots: 0x000000c698cfe600 is pointing into the stack for thread: 0x000001f0d563b800
stack at sp + 1 slots: 0x0 is NULL
stack at sp + 2 slots: 0x0 is NULL
stack at sp + 3 slots: 0x0 is NULL
stack at sp + 4 slots: 0x0000000000000001 is an unknown value
stack at sp + 5 slots: 0x00007ffaa0cafd73 jvm.dll
stack at sp + 6 slots: 0x0 is NULL
stack at sp + 7 slots: 0x000000c698cfecb0 is pointing into the stack for thread: 0x000001f0d563b800


---------------  P R O C E S S  ---------------

Threads class SMR info:
_java_thread_list=0x000001f0d56d85a0, length=13, elements={
0x000001f0b5e5c800, 0x000001f0d4afd800, 0x000001f0d4b01000, 0x000001f0d4b1e000,
0x000001f0d4b21000, 0x000001f0d4b22800, 0x000001f0d4b2b000, 0x000001f0d4b2b800,
0x000001f0d4ae2800, 0x000001f0d563b800, 0x000001f0d56ca000, 0x000001f0d56cd000,
0x000001f0d56ec000
}

Java Threads: ( => current thread )
  0x000001f0b5e5c800 JavaThread "main" [_thread_blocked, id=9268, stack(0x000000c697c00000,0x000000c697d00000)]
  0x000001f0d4afd800 JavaThread "Reference Handler" daemon [_thread_blocked, id=17764, stack(0x000000c698300000,0x000000c698400000)]
  0x000001f0d4b01000 JavaThread "Finalizer" daemon [_thread_blocked, id=18804, stack(0x000000c698400000,0x000000c698500000)]
  0x000001f0d4b1e000 JavaThread "Signal Dispatcher" daemon [_thread_blocked, id=13412, stack(0x000000c698500000,0x000000c698600000)]
  0x000001f0d4b21000 JavaThread "Attach Listener" daemon [_thread_blocked, id=2944, stack(0x000000c698600000,0x000000c698700000)]
  0x000001f0d4b22800 JavaThread "C2 CompilerThread0" daemon [_thread_blocked, id=10236, stack(0x000000c698700000,0x000000c698800000)]
  0x000001f0d4b2b000 JavaThread "C1 CompilerThread0" daemon [_thread_blocked, id=13384, stack(0x000000c698800000,0x000000c698900000)]
  0x000001f0d4b2b800 JavaThread "Sweeper thread" daemon [_thread_blocked, id=10412, stack(0x000000c698900000,0x000000c698a00000)]
  0x000001f0d4ae2800 JavaThread "Common-Cleaner" daemon [_thread_blocked, id=19544, stack(0x000000c698a00000,0x000000c698b00000)]
=>0x000001f0d563b800 JavaThread "JDWP Transport Listener: dt_socket" daemon [_thread_in_vm, id=15048, stack(0x000000c698c00000,0x000000c698d00000)]
  0x000001f0d56ca000 JavaThread "JDWP Event Helper Thread" daemon [_thread_blocked, id=20680, stack(0x000000c698d00000,0x000000c698e00000)]
  0x000001f0d56cd000 JavaThread "JDWP Command Reader" daemon [_thread_in_native, id=19636, stack(0x000000c698e00000,0x000000c698f00000)]
  0x000001f0d56ec000 JavaThread "Service Thread" daemon [_thread_blocked, id=4648, stack(0x000000c698f00000,0x000000c699000000)]

Other Threads:
  0x000001f0d4af9800 VMThread "VM Thread" [stack: 0x000000c698200000,0x000000c698300000] [id=2856]
  0x000001f0d56ee000 WatcherThread [stack: 0x000000c699000000,0x000000c699100000] [id=5368]
  0x000001f0b5e9d800 GCTaskThread "GC Thread#0" [stack: 0x000000c697d00000,0x000000c697e00000] [id=16248]
  0x000001f0b5eb1800 ConcurrentGCThread "G1 Main Marker" [stack: 0x000000c697e00000,0x000000c697f00000] [id=8704]
  0x000001f0b5eba000 ConcurrentGCThread "G1 Conc#0" [stack: 0x000000c697f00000,0x000000c698000000] [id=5736]
  0x000001f0b5f2e800 ConcurrentGCThread "G1 Refine#0" [stack: 0x000000c698000000,0x000000c698100000] [id=11392]
  0x000001f0d497b800 ConcurrentGCThread "G1 Young RemSet Sampling" [stack: 0x000000c698100000,0x000000c698200000] [id=15636]

Threads with active compile tasks:

VM state:not at safepoint (normal execution)

VM Mutex/Monitor currently owned by a thread: None

Heap address: 0x0000000083600000, size: 1994 MB, Compressed Oops mode: 32-bit
Narrow klass base: 0x0000000800000000, Narrow klass shift: 3
Compressed class space size: 1073741824 Address: 0x0000000800b40000

Heap:
 garbage-first heap   total 129024K, used 3072K [0x0000000083600000, 0x0000000100000000)
  region size 1024K, 5 young (5120K), 0 survivors (0K)
 Metaspace       used 2810K, capacity 4909K, committed 5120K, reserved 1056768K
  class space    used 258K, capacity 443K, committed 512K, reserved 1048576K
Heap Regions: E=young(eden), S=young(survivor), O=old, HS=humongous(starts), HC=humongous(continues), CS=collection set, F=free, A=archive, TAMS=top-at-mark-start (previous, next)
|   0|0x0000000083600000, 0x0000000083600000, 0x0000000083700000|  0%| F|  |TAMS 0x0000000083600000, 0x0000000083600000| Untracked 
|   1|0x0000000083700000, 0x0000000083700000, 0x0000000083800000|  0%| F|  |TAMS 0x0000000083700000, 0x0000000083700000| Untracked 
|   2|0x0000000083800000, 0x0000000083800000, 0x0000000083900000|  0%| F|  |TAMS 0x0000000083800000, 0x0000000083800000| Untracked 
|   3|0x0000000083900000, 0x0000000083900000, 0x0000000083a00000|  0%| F|  |TAMS 0x0000000083900000, 0x0000000083900000| Untracked 
|   4|0x0000000083a00000, 0x0000000083a00000, 0x0000000083b00000|  0%| F|  |TAMS 0x0000000083a00000, 0x0000000083a00000| Untracked 
|   5|0x0000000083b00000, 0x0000000083b00000, 0x0000000083c00000|  0%| F|  |TAMS 0x0000000083b00000, 0x0000000083b00000| Untracked 
|   6|0x0000000083c00000, 0x0000000083c00000, 0x0000000083d00000|  0%| F|  |TAMS 0x0000000083c00000, 0x0000000083c00000| Untracked 
|   7|0x0000000083d00000, 0x0000000083d00000, 0x0000000083e00000|  0%| F|  |TAMS 0x0000000083d00000, 0x0000000083d00000| Untracked 
|   8|0x0000000083e00000, 0x0000000083e00000, 0x0000000083f00000|  0%| F|  |TAMS 0x0000000083e00000, 0x0000000083e00000| Untracked 
|   9|0x0000000083f00000, 0x0000000083f00000, 0x0000000084000000|  0%| F|  |TAMS 0x0000000083f00000, 0x0000000083f00000| Untracked 
|  10|0x0000000084000000, 0x0000000084000000, 0x0000000084100000|  0%| F|  |TAMS 0x0000000084000000, 0x0000000084000000| Untracked 
|  11|0x0000000084100000, 0x0000000084100000, 0x0000000084200000|  0%| F|  |TAMS 0x0000000084100000, 0x0000000084100000| Untracked 
|  12|0x0000000084200000, 0x0000000084200000, 0x0000000084300000|  0%| F|  |TAMS 0x0000000084200000, 0x0000000084200000| Untracked 
|  13|0x0000000084300000, 0x0000000084300000, 0x0000000084400000|  0%| F|  |TAMS 0x0000000084300000, 0x0000000084300000| Untracked 
|  14|0x0000000084400000, 0x0000000084400000, 0x0000000084500000|  0%| F|  |TAMS 0x0000000084400000, 0x0000000084400000| Untracked 
|  15|0x0000000084500000, 0x0000000084500000, 0x0000000084600000|  0%| F|  |TAMS 0x0000000084500000, 0x0000000084500000| Untracked 
|  16|0x0000000084600000, 0x0000000084600000, 0x0000000084700000|  0%| F|  |TAMS 0x0000000084600000, 0x0000000084600000| Untracked 
|  17|0x0000000084700000, 0x0000000084700000, 0x0000000084800000|  0%| F|  |TAMS 0x0000000084700000, 0x0000000084700000| Untracked 
|  18|0x0000000084800000, 0x0000000084800000, 0x0000000084900000|  0%| F|  |TAMS 0x0000000084800000, 0x0000000084800000| Untracked 
|  19|0x0000000084900000, 0x0000000084900000, 0x0000000084a00000|  0%| F|  |TAMS 0x0000000084900000, 0x0000000084900000| Untracked 
|  20|0x0000000084a00000, 0x0000000084a00000, 0x0000000084b00000|  0%| F|  |TAMS 0x0000000084a00000, 0x0000000084a00000| Untracked 
|  21|0x0000000084b00000, 0x0000000084b00000, 0x0000000084c00000|  0%| F|  |TAMS 0x0000000084b00000, 0x0000000084b00000| Untracked 
|  22|0x0000000084c00000, 0x0000000084c00000, 0x0000000084d00000|  0%| F|  |TAMS 0x0000000084c00000, 0x0000000084c00000| Untracked 
|  23|0x0000000084d00000, 0x0000000084d00000, 0x0000000084e00000|  0%| F|  |TAMS 0x0000000084d00000, 0x0000000084d00000| Untracked 
|  24|0x0000000084e00000, 0x0000000084e00000, 0x0000000084f00000|  0%| F|  |TAMS 0x0000000084e00000, 0x0000000084e00000| Untracked 
|  25|0x0000000084f00000, 0x0000000084f00000, 0x0000000085000000|  0%| F|  |TAMS 0x0000000084f00000, 0x0000000084f00000| Untracked 
|  26|0x0000000085000000, 0x0000000085000000, 0x0000000085100000|  0%| F|  |TAMS 0x0000000085000000, 0x0000000085000000| Untracked 
|  27|0x0000000085100000, 0x0000000085100000, 0x0000000085200000|  0%| F|  |TAMS 0x0000000085100000, 0x0000000085100000| Untracked 
|  28|0x0000000085200000, 0x0000000085200000, 0x0000000085300000|  0%| F|  |TAMS 0x0000000085200000, 0x0000000085200000| Untracked 
|  29|0x0000000085300000, 0x0000000085300000, 0x0000000085400000|  0%| F|  |TAMS 0x0000000085300000, 0x0000000085300000| Untracked 
|  30|0x0000000085400000, 0x0000000085400000, 0x0000000085500000|  0%| F|  |TAMS 0x0000000085400000, 0x0000000085400000| Untracked 
|  31|0x0000000085500000, 0x0000000085500000, 0x0000000085600000|  0%| F|  |TAMS 0x0000000085500000, 0x0000000085500000| Untracked 
|  32|0x0000000085600000, 0x0000000085600000, 0x0000000085700000|  0%| F|  |TAMS 0x0000000085600000, 0x0000000085600000| Untracked 
|  33|0x0000000085700000, 0x0000000085700000, 0x0000000085800000|  0%| F|  |TAMS 0x0000000085700000, 0x0000000085700000| Untracked 
|  34|0x0000000085800000, 0x0000000085800000, 0x0000000085900000|  0%| F|  |TAMS 0x0000000085800000, 0x0000000085800000| Untracked 
|  35|0x0000000085900000, 0x0000000085900000, 0x0000000085a00000|  0%| F|  |TAMS 0x0000000085900000, 0x0000000085900000| Untracked 
|  36|0x0000000085a00000, 0x0000000085a00000, 0x0000000085b00000|  0%| F|  |TAMS 0x0000000085a00000, 0x0000000085a00000| Untracked 
|  37|0x0000000085b00000, 0x0000000085b00000, 0x0000000085c00000|  0%| F|  |TAMS 0x0000000085b00000, 0x0000000085b00000| Untracked 
|  38|0x0000000085c00000, 0x0000000085c00000, 0x0000000085d00000|  0%| F|  |TAMS 0x0000000085c00000, 0x0000000085c00000| Untracked 
|  39|0x0000000085d00000, 0x0000000085d00000, 0x0000000085e00000|  0%| F|  |TAMS 0x0000000085d00000, 0x0000000085d00000| Untracked 
|  40|0x0000000085e00000, 0x0000000085e00000, 0x0000000085f00000|  0%| F|  |TAMS 0x0000000085e00000, 0x0000000085e00000| Untracked 
|  41|0x0000000085f00000, 0x0000000085f00000, 0x0000000086000000|  0%| F|  |TAMS 0x0000000085f00000, 0x0000000085f00000| Untracked 
|  42|0x0000000086000000, 0x0000000086000000, 0x0000000086100000|  0%| F|  |TAMS 0x0000000086000000, 0x0000000086000000| Untracked 
|  43|0x0000000086100000, 0x0000000086100000, 0x0000000086200000|  0%| F|  |TAMS 0x0000000086100000, 0x0000000086100000| Untracked 
|  44|0x0000000086200000, 0x0000000086200000, 0x0000000086300000|  0%| F|  |TAMS 0x0000000086200000, 0x0000000086200000| Untracked 
|  45|0x0000000086300000, 0x0000000086300000, 0x0000000086400000|  0%| F|  |TAMS 0x0000000086300000, 0x0000000086300000| Untracked 
|  46|0x0000000086400000, 0x0000000086400000, 0x0000000086500000|  0%| F|  |TAMS 0x0000000086400000, 0x0000000086400000| Untracked 
|  47|0x0000000086500000, 0x0000000086500000, 0x0000000086600000|  0%| F|  |TAMS 0x0000000086500000, 0x0000000086500000| Untracked 
|  48|0x0000000086600000, 0x0000000086600000, 0x0000000086700000|  0%| F|  |TAMS 0x0000000086600000, 0x0000000086600000| Untracked 
|  49|0x0000000086700000, 0x0000000086700000, 0x0000000086800000|  0%| F|  |TAMS 0x0000000086700000, 0x0000000086700000| Untracked 
|  50|0x0000000086800000, 0x0000000086800000, 0x0000000086900000|  0%| F|  |TAMS 0x0000000086800000, 0x0000000086800000| Untracked 
|  51|0x0000000086900000, 0x0000000086900000, 0x0000000086a00000|  0%| F|  |TAMS 0x0000000086900000, 0x0000000086900000| Untracked 
|  52|0x0000000086a00000, 0x0000000086a00000, 0x0000000086b00000|  0%| F|  |TAMS 0x0000000086a00000, 0x0000000086a00000| Untracked 
|  53|0x0000000086b00000, 0x0000000086b00000, 0x0000000086c00000|  0%| F|  |TAMS 0x0000000086b00000, 0x0000000086b00000| Untracked 
|  54|0x0000000086c00000, 0x0000000086c00000, 0x0000000086d00000|  0%| F|  |TAMS 0x0000000086c00000, 0x0000000086c00000| Untracked 
|  55|0x0000000086d00000, 0x0000000086d00000, 0x0000000086e00000|  0%| F|  |TAMS 0x0000000086d00000, 0x0000000086d00000| Untracked 
|  56|0x0000000086e00000, 0x0000000086e00000, 0x0000000086f00000|  0%| F|  |TAMS 0x0000000086e00000, 0x0000000086e00000| Untracked 
|  57|0x0000000086f00000, 0x0000000086f00000, 0x0000000087000000|  0%| F|  |TAMS 0x0000000086f00000, 0x0000000086f00000| Untracked 
|  58|0x0000000087000000, 0x0000000087000000, 0x0000000087100000|  0%| F|  |TAMS 0x0000000087000000, 0x0000000087000000| Untracked 
|  59|0x0000000087100000, 0x0000000087100000, 0x0000000087200000|  0%| F|  |TAMS 0x0000000087100000, 0x0000000087100000| Untracked 
|  60|0x0000000087200000, 0x0000000087200000, 0x0000000087300000|  0%| F|  |TAMS 0x0000000087200000, 0x0000000087200000| Untracked 
|  61|0x0000000087300000, 0x0000000087300000, 0x0000000087400000|  0%| F|  |TAMS 0x0000000087300000, 0x0000000087300000| Untracked 
|  62|0x0000000087400000, 0x0000000087400000, 0x0000000087500000|  0%| F|  |TAMS 0x0000000087400000, 0x0000000087400000| Untracked 
|  63|0x0000000087500000, 0x0000000087500000, 0x0000000087600000|  0%| F|  |TAMS 0x0000000087500000, 0x0000000087500000| Untracked 
|  64|0x0000000087600000, 0x0000000087600000, 0x0000000087700000|  0%| F|  |TAMS 0x0000000087600000, 0x0000000087600000| Untracked 
|  65|0x0000000087700000, 0x0000000087700000, 0x0000000087800000|  0%| F|  |TAMS 0x0000000087700000, 0x0000000087700000| Untracked 
|  66|0x0000000087800000, 0x0000000087800000, 0x0000000087900000|  0%| F|  |TAMS 0x0000000087800000, 0x0000000087800000| Untracked 
|  67|0x0000000087900000, 0x0000000087900000, 0x0000000087a00000|  0%| F|  |TAMS 0x0000000087900000, 0x0000000087900000| Untracked 
|  68|0x0000000087a00000, 0x0000000087a00000, 0x0000000087b00000|  0%| F|  |TAMS 0x0000000087a00000, 0x0000000087a00000| Untracked 
|  69|0x0000000087b00000, 0x0000000087b00000, 0x0000000087c00000|  0%| F|  |TAMS 0x0000000087b00000, 0x0000000087b00000| Untracked 
|  70|0x0000000087c00000, 0x0000000087c00000, 0x0000000087d00000|  0%| F|  |TAMS 0x0000000087c00000, 0x0000000087c00000| Untracked 
|  71|0x0000000087d00000, 0x0000000087d00000, 0x0000000087e00000|  0%| F|  |TAMS 0x0000000087d00000, 0x0000000087d00000| Untracked 
|  72|0x0000000087e00000, 0x0000000087e00000, 0x0000000087f00000|  0%| F|  |TAMS 0x0000000087e00000, 0x0000000087e00000| Untracked 
|  73|0x0000000087f00000, 0x0000000087f00000, 0x0000000088000000|  0%| F|  |TAMS 0x0000000087f00000, 0x0000000087f00000| Untracked 
|  74|0x0000000088000000, 0x0000000088000000, 0x0000000088100000|  0%| F|  |TAMS 0x0000000088000000, 0x0000000088000000| Untracked 
|  75|0x0000000088100000, 0x0000000088100000, 0x0000000088200000|  0%| F|  |TAMS 0x0000000088100000, 0x0000000088100000| Untracked 
|  76|0x0000000088200000, 0x0000000088200000, 0x0000000088300000|  0%| F|  |TAMS 0x0000000088200000, 0x0000000088200000| Untracked 
|  77|0x0000000088300000, 0x0000000088300000, 0x0000000088400000|  0%| F|  |TAMS 0x0000000088300000, 0x0000000088300000| Untracked 
|  78|0x0000000088400000, 0x0000000088400000, 0x0000000088500000|  0%| F|  |TAMS 0x0000000088400000, 0x0000000088400000| Untracked 
|  79|0x0000000088500000, 0x0000000088500000, 0x0000000088600000|  0%| F|  |TAMS 0x0000000088500000, 0x0000000088500000| Untracked 
|  80|0x0000000088600000, 0x0000000088600000, 0x0000000088700000|  0%| F|  |TAMS 0x0000000088600000, 0x0000000088600000| Untracked 
|  81|0x0000000088700000, 0x0000000088700000, 0x0000000088800000|  0%| F|  |TAMS 0x0000000088700000, 0x0000000088700000| Untracked 
|  82|0x0000000088800000, 0x0000000088800000, 0x0000000088900000|  0%| F|  |TAMS 0x0000000088800000, 0x0000000088800000| Untracked 
|  83|0x0000000088900000, 0x0000000088900000, 0x0000000088a00000|  0%| F|  |TAMS 0x0000000088900000, 0x0000000088900000| Untracked 
|  84|0x0000000088a00000, 0x0000000088a00000, 0x0000000088b00000|  0%| F|  |TAMS 0x0000000088a00000, 0x0000000088a00000| Untracked 
|  85|0x0000000088b00000, 0x0000000088b00000, 0x0000000088c00000|  0%| F|  |TAMS 0x0000000088b00000, 0x0000000088b00000| Untracked 
|  86|0x0000000088c00000, 0x0000000088c00000, 0x0000000088d00000|  0%| F|  |TAMS 0x0000000088c00000, 0x0000000088c00000| Untracked 
|  87|0x0000000088d00000, 0x0000000088d00000, 0x0000000088e00000|  0%| F|  |TAMS 0x0000000088d00000, 0x0000000088d00000| Untracked 
|  88|0x0000000088e00000, 0x0000000088e00000, 0x0000000088f00000|  0%| F|  |TAMS 0x0000000088e00000, 0x0000000088e00000| Untracked 
|  89|0x0000000088f00000, 0x0000000088f00000, 0x0000000089000000|  0%| F|  |TAMS 0x0000000088f00000, 0x0000000088f00000| Untracked 
|  90|0x0000000089000000, 0x0000000089000000, 0x0000000089100000|  0%| F|  |TAMS 0x0000000089000000, 0x0000000089000000| Untracked 
|  91|0x0000000089100000, 0x0000000089100000, 0x0000000089200000|  0%| F|  |TAMS 0x0000000089100000, 0x0000000089100000| Untracked 
|  92|0x0000000089200000, 0x0000000089200000, 0x0000000089300000|  0%| F|  |TAMS 0x0000000089200000, 0x0000000089200000| Untracked 
|  93|0x0000000089300000, 0x0000000089300000, 0x0000000089400000|  0%| F|  |TAMS 0x0000000089300000, 0x0000000089300000| Untracked 
|  94|0x0000000089400000, 0x0000000089400000, 0x0000000089500000|  0%| F|  |TAMS 0x0000000089400000, 0x0000000089400000| Untracked 
|  95|0x0000000089500000, 0x0000000089500000, 0x0000000089600000|  0%| F|  |TAMS 0x0000000089500000, 0x0000000089500000| Untracked 
|  96|0x0000000089600000, 0x0000000089600000, 0x0000000089700000|  0%| F|  |TAMS 0x0000000089600000, 0x0000000089600000| Untracked 
|  97|0x0000000089700000, 0x0000000089700000, 0x0000000089800000|  0%| F|  |TAMS 0x0000000089700000, 0x0000000089700000| Untracked 
|  98|0x0000000089800000, 0x0000000089800000, 0x0000000089900000|  0%| F|  |TAMS 0x0000000089800000, 0x0000000089800000| Untracked 
|  99|0x0000000089900000, 0x0000000089900000, 0x0000000089a00000|  0%| F|  |TAMS 0x0000000089900000, 0x0000000089900000| Untracked 
| 100|0x0000000089a00000, 0x0000000089a00000, 0x0000000089b00000|  0%| F|  |TAMS 0x0000000089a00000, 0x0000000089a00000| Untracked 
| 101|0x0000000089b00000, 0x0000000089b00000, 0x0000000089c00000|  0%| F|  |TAMS 0x0000000089b00000, 0x0000000089b00000| Untracked 
| 102|0x0000000089c00000, 0x0000000089c00000, 0x0000000089d00000|  0%| F|  |TAMS 0x0000000089c00000, 0x0000000089c00000| Untracked 
| 103|0x0000000089d00000, 0x0000000089d00000, 0x0000000089e00000|  0%| F|  |TAMS 0x0000000089d00000, 0x0000000089d00000| Untracked 
| 104|0x0000000089e00000, 0x0000000089e00000, 0x0000000089f00000|  0%| F|  |TAMS 0x0000000089e00000, 0x0000000089e00000| Untracked 
| 105|0x0000000089f00000, 0x0000000089f00000, 0x000000008a000000|  0%| F|  |TAMS 0x0000000089f00000, 0x0000000089f00000| Untracked 
| 106|0x000000008a000000, 0x000000008a000000, 0x000000008a100000|  0%| F|  |TAMS 0x000000008a000000, 0x000000008a000000| Untracked 
| 107|0x000000008a100000, 0x000000008a100000, 0x000000008a200000|  0%| F|  |TAMS 0x000000008a100000, 0x000000008a100000| Untracked 
| 108|0x000000008a200000, 0x000000008a200000, 0x000000008a300000|  0%| F|  |TAMS 0x000000008a200000, 0x000000008a200000| Untracked 
| 109|0x000000008a300000, 0x000000008a300000, 0x000000008a400000|  0%| F|  |TAMS 0x000000008a300000, 0x000000008a300000| Untracked 
| 110|0x000000008a400000, 0x000000008a400000, 0x000000008a500000|  0%| F|  |TAMS 0x000000008a400000, 0x000000008a400000| Untracked 
| 111|0x000000008a500000, 0x000000008a500000, 0x000000008a600000|  0%| F|  |TAMS 0x000000008a500000, 0x000000008a500000| Untracked 
| 112|0x000000008a600000, 0x000000008a600000, 0x000000008a700000|  0%| F|  |TAMS 0x000000008a600000, 0x000000008a600000| Untracked 
| 113|0x000000008a700000, 0x000000008a700000, 0x000000008a800000|  0%| F|  |TAMS 0x000000008a700000, 0x000000008a700000| Untracked 
| 114|0x000000008a800000, 0x000000008a800000, 0x000000008a900000|  0%| F|  |TAMS 0x000000008a800000, 0x000000008a800000| Untracked 
| 115|0x000000008a900000, 0x000000008a900000, 0x000000008aa00000|  0%| F|  |TAMS 0x000000008a900000, 0x000000008a900000| Untracked 
| 116|0x000000008aa00000, 0x000000008aa00000, 0x000000008ab00000|  0%| F|  |TAMS 0x000000008aa00000, 0x000000008aa00000| Untracked 
| 117|0x000000008ab00000, 0x000000008ab00000, 0x000000008ac00000|  0%| F|  |TAMS 0x000000008ab00000, 0x000000008ab00000| Untracked 
| 118|0x000000008ac00000, 0x000000008ac00000, 0x000000008ad00000|  0%| F|  |TAMS 0x000000008ac00000, 0x000000008ac00000| Untracked 
| 119|0x000000008ad00000, 0x000000008ad00000, 0x000000008ae00000|  0%| F|  |TAMS 0x000000008ad00000, 0x000000008ad00000| Untracked 
| 120|0x000000008ae00000, 0x000000008ae00000, 0x000000008af00000|  0%| F|  |TAMS 0x000000008ae00000, 0x000000008ae00000| Untracked 
| 121|0x000000008af00000, 0x000000008af7b658, 0x000000008b000000| 48%| E|  |TAMS 0x000000008af00000, 0x000000008af00000| Complete 
| 122|0x000000008b000000, 0x000000008b100000, 0x000000008b100000|100%| E|CS|TAMS 0x000000008b000000, 0x000000008b000000| Complete 
| 123|0x000000008b100000, 0x000000008b200000, 0x000000008b200000|100%| E|  |TAMS 0x000000008b100000, 0x000000008b100000| Complete 
| 124|0x000000008b200000, 0x000000008b300000, 0x000000008b300000|100%| E|CS|TAMS 0x000000008b200000, 0x000000008b200000| Complete 
| 125|0x000000008b300000, 0x000000008b400000, 0x000000008b400000|100%| E|CS|TAMS 0x000000008b300000, 0x000000008b300000| Complete 

Card table byte_map: [0x000001f0cda80000,0x000001f0cde70000] _byte_map_base: 0x000001f0cd665000

Marking Bits (Prev, Next): (CMBitMap*) 0x000001f0b5e9e868, (CMBitMap*) 0x000001f0b5e9e8a8
 Prev Bits: [0x000001f0ce260000, 0x000001f0d0188000)
 Next Bits: [0x000001f0d0190000, 0x000001f0d20b8000)

Polling page: 0x000001f0b3e20000

Metaspace:

Usage:
  Non-class:      4.36 MB capacity,     2.49 MB ( 57%) used,     1.87 MB ( 43%) free+waste,     2.75 KB ( <1%) overhead. 
      Class:    443.00 KB capacity,   258.59 KB ( 58%) used,   182.85 KB ( 41%) free+waste,     1.56 KB ( <1%) overhead. 
       Both:      4.79 MB capacity,     2.75 MB ( 57%) used,     2.04 MB ( 43%) free+waste,     4.31 KB ( <1%) overhead. 

Virtual space:
  Non-class space:        8.00 MB reserved,       4.50 MB ( 56%) committed 
      Class space:        1.00 GB reserved,     512.00 KB ( <1%) committed 
             Both:        1.01 GB reserved,       5.00 MB ( <1%) committed 

Chunk freelists:
   Non-Class:  14.00 KB
       Class:  5.00 KB
        Both:  19.00 KB

MaxMetaspaceSize: 17179869184.00 GB
CompressedClassSpaceSize: 1.00 GB

CodeHeap 'non-profiled nmethods': size=120000Kb used=123Kb max_used=123Kb free=119877Kb
 bounds [0x000001f0c5e30000, 0x000001f0c60a0000, 0x000001f0cd360000]
CodeHeap 'profiled nmethods': size=120000Kb used=583Kb max_used=583Kb free=119416Kb
 bounds [0x000001f0be900000, 0x000001f0beb70000, 0x000001f0c5e30000]
CodeHeap 'non-nmethods': size=5760Kb used=1210Kb max_used=1230Kb free=4550Kb
 bounds [0x000001f0be360000, 0x000001f0be5d0000, 0x000001f0be900000]
 total_blobs=1143 nmethods=407 adapters=279
 compilation: enabled
              stopped_count=0, restarted_count=0
 full_count=0

Compilation events (20 events):
Event: 206.777 Thread 0x000001f0d4b2b000  396       3       org.eclipse.jdt.launching.internal.org.objectweb.asm.SymbolTable::put (150 bytes)
Event: 206.779 Thread 0x000001f0d4b2b000 nmethod 396 0x000001f0be98ca90 code [0x000001f0be98cc80, 0x000001f0be98d5d8]
Event: 206.779 Thread 0x000001f0d4b2b000  399       3       java.lang.String::<init> (14 bytes)
Event: 206.780 Thread 0x000001f0d4b2b000 nmethod 399 0x000001f0be98d910 code [0x000001f0be98dae0, 0x000001f0be98dd60]
Event: 206.780 Thread 0x000001f0d4b2b000  400       3       java.lang.String::rangeCheck (9 bytes)
Event: 206.781 Thread 0x000001f0d4b2b000 nmethod 400 0x000001f0be98de90 code [0x000001f0be98e040, 0x000001f0be98e1d0]
Event: 244.917 Thread 0x000001f0d4b2b000  401       3       org.eclipse.jdt.launching.internal.org.objectweb.asm.SymbolTable::addConstantUtf8 (98 bytes)
Event: 244.922 Thread 0x000001f0d4b2b000 nmethod 401 0x000001f0be98e290 code [0x000001f0be98e4c0, 0x000001f0be98ec00]
Event: 244.922 Thread 0x000001f0d4b2b000  402       3       org.eclipse.jdt.launching.internal.org.objectweb.asm.ClassReader::readUtf (161 bytes)
Event: 244.924 Thread 0x000001f0d4b2b000 nmethod 402 0x000001f0be98ef90 code [0x000001f0be98f1a0, 0x000001f0be98f820]
Event: 292.583 Thread 0x000001f0d4b2b000  403       3       org.eclipse.jdt.launching.internal.org.objectweb.asm.ByteVector::put12 (64 bytes)
Event: 292.584 Thread 0x000001f0d4b2b000 nmethod 403 0x000001f0be98fc10 code [0x000001f0be98fdc0, 0x000001f0be990070]
Event: 339.850 Thread 0x000001f0d4b2b000  404       3       org.eclipse.jdt.launching.internal.org.objectweb.asm.ClassReader::createDebugLabel (23 bytes)
Event: 339.851 Thread 0x000001f0d4b2b000 nmethod 404 0x000001f0be990210 code [0x000001f0be9903e0, 0x000001f0be990998]
Event: 339.851 Thread 0x000001f0d4b2b000  405       3       org.eclipse.jdt.launching.internal.org.objectweb.asm.ClassReader::readClass (7 bytes)
Event: 339.856 Thread 0x000001f0d4b2b000 nmethod 405 0x000001f0be990b90 code [0x000001f0be990d80, 0x000001f0be991270]
Event: 339.856 Thread 0x000001f0d4b2b000  406       3       org.eclipse.jdt.launching.internal.org.objectweb.asm.ClassReader::readStringish (16 bytes)
Event: 339.858 Thread 0x000001f0d4b2b000 nmethod 406 0x000001f0be991510 code [0x000001f0be991700, 0x000001f0be991b90]
Event: 339.858 Thread 0x000001f0d4b2b000  407       1       java.lang.Integer::intValue (5 bytes)
Event: 339.858 Thread 0x000001f0d4b2b000 nmethod 407 0x000001f0c5e4e890 code [0x000001f0c5e4ea20, 0x000001f0c5e4eb58]

GC Heap History (0 events):
No events

Deoptimization events (20 events):
Event: 1.028 Thread 0x000001f0b5e5c800 DEOPT PACKING pc=0x000001f0be9682a1 sp=0x000000c697cf8540
Event: 1.028 Thread 0x000001f0b5e5c800 DEOPT UNPACKING pc=0x000001f0be3a964e sp=0x000000c697cf7a08 mode 0
Event: 1.028 Thread 0x000001f0b5e5c800 DEOPT PACKING pc=0x000001f0be9682a1 sp=0x000000c697cf8540
Event: 1.028 Thread 0x000001f0b5e5c800 DEOPT UNPACKING pc=0x000001f0be3a964e sp=0x000000c697cf7a08 mode 0
Event: 1.029 Thread 0x000001f0b5e5c800 DEOPT PACKING pc=0x000001f0be9682a1 sp=0x000000c697cf8540
Event: 1.029 Thread 0x000001f0b5e5c800 DEOPT UNPACKING pc=0x000001f0be3a964e sp=0x000000c697cf7a08 mode 0
Event: 1.029 Thread 0x000001f0b5e5c800 DEOPT PACKING pc=0x000001f0be9682a1 sp=0x000000c697cf8540
Event: 1.029 Thread 0x000001f0b5e5c800 DEOPT UNPACKING pc=0x000001f0be3a964e sp=0x000000c697cf7a08 mode 0
Event: 1.031 Thread 0x000001f0b5e5c800 DEOPT PACKING pc=0x000001f0be9682a1 sp=0x000000c697cf8540
Event: 1.031 Thread 0x000001f0b5e5c800 DEOPT UNPACKING pc=0x000001f0be3a964e sp=0x000000c697cf7a08 mode 0
Event: 1.035 Thread 0x000001f0b5e5c800 DEOPT PACKING pc=0x000001f0be9682a1 sp=0x000000c697cfb740
Event: 1.035 Thread 0x000001f0b5e5c800 DEOPT UNPACKING pc=0x000001f0be3a964e sp=0x000000c697cfac08 mode 0
Event: 1.035 Thread 0x000001f0b5e5c800 DEOPT PACKING pc=0x000001f0be9682a1 sp=0x000000c697cfb740
Event: 1.035 Thread 0x000001f0b5e5c800 DEOPT UNPACKING pc=0x000001f0be3a964e sp=0x000000c697cfac08 mode 0
Event: 1.036 Thread 0x000001f0b5e5c800 DEOPT PACKING pc=0x000001f0be9682a1 sp=0x000000c697cfb740
Event: 1.036 Thread 0x000001f0b5e5c800 DEOPT UNPACKING pc=0x000001f0be3a964e sp=0x000000c697cfac08 mode 0
Event: 1.042 Thread 0x000001f0b5e5c800 DEOPT PACKING pc=0x000001f0be9682a1 sp=0x000000c697cfb6d0
Event: 1.042 Thread 0x000001f0b5e5c800 DEOPT UNPACKING pc=0x000001f0be3a964e sp=0x000000c697cfab98 mode 0
Event: 1.045 Thread 0x000001f0b5e5c800 DEOPT PACKING pc=0x000001f0be9682a1 sp=0x000000c697cfb7b0
Event: 1.045 Thread 0x000001f0b5e5c800 DEOPT UNPACKING pc=0x000001f0be3a964e sp=0x000000c697cfac78 mode 0

Classes unloaded (0 events):
No events

Classes redefined (5 events):
Event: 97.838 Thread 0x000001f0d4af9800 redefined class name=Solutions.RocketEquation, count=1
Event: 206.771 Thread 0x000001f0d4af9800 redefined class name=Solutions.RocketEquation, count=2
Event: 244.920 Thread 0x000001f0d4af9800 redefined class name=Solutions.RocketEquation, count=3
Event: 292.586 Thread 0x000001f0d4af9800 redefined class name=Solutions.RocketEquation, count=4
Event: 339.853 Thread 0x000001f0d4af9800 redefined class name=Solutions.RocketEquation, count=5

Internal exceptions (0 events):
No events

Events (20 events):
Event: 421.217 Executing VM operation: GetOwnedMonitorInfo
Event: 421.217 Executing VM operation: GetOwnedMonitorInfo done
Event: 423.136 Executing VM operation: GetFrameCount
Event: 423.136 Executing VM operation: GetFrameCount done
Event: 423.137 Executing VM operation: GetOwnedMonitorInfo
Event: 423.137 Executing VM operation: GetOwnedMonitorInfo done
Event: 423.137 Executing VM operation: GetCurrentContendedMonitor
Event: 423.137 Executing VM operation: GetCurrentContendedMonitor done
Event: 451.895 Executing VM operation: GetFrameCount
Event: 451.895 Executing VM operation: GetFrameCount done
Event: 451.896 Executing VM operation: GetOwnedMonitorInfo
Event: 451.896 Executing VM operation: GetOwnedMonitorInfo done
Event: 451.897 Executing VM operation: GetCurrentContendedMonitor
Event: 451.897 Executing VM operation: GetCurrentContendedMonitor done
Event: 451.908 Executing VM operation: GetFrameCount
Event: 451.908 Executing VM operation: GetFrameCount done
Event: 451.909 Executing VM operation: GetOwnedMonitorInfo
Event: 451.910 Executing VM operation: GetOwnedMonitorInfo done
Event: 451.910 Executing VM operation: GetCurrentContendedMonitor
Event: 451.911 Executing VM operation: GetCurrentContendedMonitor done


Dynamic libraries:
0x00007ff68c5f0000 - 0x00007ff68c5ff000 	C:\Program Files\Java\jdk-13.0.2\bin\javaw.exe
0x00007ffb17890000 - 0x00007ffb17a7d000 	C:\Windows\SYSTEM32\ntdll.dll
0x00007ffb174a0000 - 0x00007ffb17553000 	C:\Windows\System32\KERNEL32.DLL
0x00007ffb144b0000 - 0x00007ffb14743000 	C:\Windows\System32\KERNELBASE.dll
0x00007ffb142b0000 - 0x00007ffb143aa000 	C:\Windows\System32\ucrtbase.dll
0x00007ffafd990000 - 0x00007ffafd9a8000 	C:\Program Files\Java\jdk-13.0.2\bin\jli.dll
0x00007ffaf5bb0000 - 0x00007ffaf5bc5000 	C:\Program Files\Java\jdk-13.0.2\bin\VCRUNTIME140.dll
0x00007ffb15490000 - 0x00007ffb15533000 	C:\Windows\System32\ADVAPI32.dll
0x00007ffb15850000 - 0x00007ffb158ee000 	C:\Windows\System32\msvcrt.dll
0x00007ffb15950000 - 0x00007ffb159ee000 	C:\Windows\System32\sechost.dll
0x00007ffb17370000 - 0x00007ffb17492000 	C:\Windows\System32\RPCRT4.dll
0x00007ffb17600000 - 0x00007ffb17797000 	C:\Windows\System32\USER32.dll
0x00007ffafed30000 - 0x00007ffafefa9000 	C:\Windows\WinSxS\amd64_microsoft.windows.common-controls_6595b64144ccf1df_6.0.17763.1039_none_de701650534c7021\COMCTL32.dll
0x00007ffb13950000 - 0x00007ffb13970000 	C:\Windows\System32\win32u.dll
0x00007ffb15160000 - 0x00007ffb1548c000 	C:\Windows\System32\combase.dll
0x00007ffb155d0000 - 0x00007ffb155f9000 	C:\Windows\System32\GDI32.dll
0x00007ffb14750000 - 0x00007ffb147ce000 	C:\Windows\System32\bcryptPrimitives.dll
0x00007ffb140f0000 - 0x00007ffb14289000 	C:\Windows\System32\gdi32full.dll
0x00007ffb14a10000 - 0x00007ffb14ab0000 	C:\Windows\System32\msvcp_win.dll
0x00007ffb0d300000 - 0x00007ffb0d30a000 	C:\Windows\SYSTEM32\VERSION.dll
0x00007ffb155a0000 - 0x00007ffb155ce000 	C:\Windows\System32\IMM32.DLL
0x00007ffadf880000 - 0x00007ffadf91b000 	C:\Program Files\Java\jdk-13.0.2\bin\msvcp140.dll
0x00007ffaa0980000 - 0x00007ffaa14dd000 	C:\Program Files\Java\jdk-13.0.2\bin\server\jvm.dll
0x00007ffb15150000 - 0x00007ffb15158000 	C:\Windows\System32\PSAPI.DLL
0x00007ffb02aa0000 - 0x00007ffb02aa9000 	C:\Windows\SYSTEM32\WSOCK32.dll
0x00007ffb118b0000 - 0x00007ffb118d4000 	C:\Windows\SYSTEM32\WINMM.dll
0x00007ffb15730000 - 0x00007ffb1579d000 	C:\Windows\System32\ws2_32.DLL
0x00007ffb11520000 - 0x00007ffb1154d000 	C:\Windows\SYSTEM32\WINMMBASE.dll
0x00007ffb143b0000 - 0x00007ffb143fa000 	C:\Windows\System32\cfgmgr32.dll
0x00007ffb138e0000 - 0x00007ffb138f1000 	C:\Windows\System32\kernel.appcore.dll
0x00007ffb0cb40000 - 0x00007ffb0cb50000 	C:\Program Files\Java\jdk-13.0.2\bin\verify.dll
0x00007ffb02700000 - 0x00007ffb028ed000 	C:\Windows\SYSTEM32\DBGHELP.DLL
0x00007ffb014c0000 - 0x00007ffb014ea000 	C:\Windows\SYSTEM32\dbgcore.DLL
0x00007ffae8150000 - 0x00007ffae8176000 	C:\Program Files\Java\jdk-13.0.2\bin\java.dll
0x00007ffae19e0000 - 0x00007ffae1a18000 	C:\Program Files\Java\jdk-13.0.2\bin\jdwp.dll
0x00007ffb033a0000 - 0x00007ffb033ae000 	C:\Program Files\Java\jdk-13.0.2\bin\instrument.dll
0x00007ffaf5a70000 - 0x00007ffaf5a87000 	C:\Program Files\Java\jdk-13.0.2\bin\zip.dll
0x00007ffb03370000 - 0x00007ffb0337a000 	C:\Program Files\Java\jdk-13.0.2\bin\jimage.dll
0x00007ffb15c80000 - 0x00007ffb17174000 	C:\Windows\System32\SHELL32.dll
0x00007ffb14f30000 - 0x00007ffb14fd8000 	C:\Windows\System32\shcore.dll
0x00007ffb13970000 - 0x00007ffb140bd000 	C:\Windows\System32\windows.storage.dll
0x00007ffb13900000 - 0x00007ffb13924000 	C:\Windows\System32\profapi.dll
0x00007ffb13880000 - 0x00007ffb138dd000 	C:\Windows\System32\powrprof.dll
0x00007ffb158f0000 - 0x00007ffb15942000 	C:\Windows\System32\shlwapi.dll
0x00007ffb14290000 - 0x00007ffb142a7000 	C:\Windows\System32\cryptsp.dll
0x00007ffafd930000 - 0x00007ffafd93b000 	C:\Program Files\Java\jdk-13.0.2\bin\dt_socket.dll
0x00007ffb130f0000 - 0x00007ffb13157000 	C:\Windows\system32\mswsock.dll
0x00007ffb12e50000 - 0x00007ffb12f16000 	C:\Windows\SYSTEM32\DNSAPI.dll
0x00007ffb172e0000 - 0x00007ffb172e8000 	C:\Windows\System32\NSI.dll
0x00007ffb12e10000 - 0x00007ffb12e4d000 	C:\Windows\SYSTEM32\IPHLPAPI.DLL
0x00007ffb07700000 - 0x00007ffb0770a000 	C:\Windows\System32\rasadhlp.dll
0x00007ffb07b90000 - 0x00007ffb07c09000 	C:\Windows\System32\fwpuclnt.dll
0x00007ffb140c0000 - 0x00007ffb140e6000 	C:\Windows\System32\bcrypt.dll
0x00007ffaf3e10000 - 0x00007ffaf3e29000 	C:\Program Files\Java\jdk-13.0.2\bin\net.dll
0x00007ffb07c70000 - 0x00007ffb07d62000 	C:\Windows\SYSTEM32\WINHTTP.dll
0x00007ffaf3210000 - 0x00007ffaf3223000 	C:\Program Files\Java\jdk-13.0.2\bin\nio.dll

dbghelp: loaded successfully - version: 4.0.5 - missing functions: none
symbol engine: initialized successfully - sym options: 0x614 - pdb path: .;C:\Program Files\Java\jdk-13.0.2\bin;C:\Windows\SYSTEM32;C:\Windows\WinSxS\amd64_microsoft.windows.common-controls_6595b64144ccf1df_6.0.17763.1039_none_de701650534c7021;C:\Program Files\Java\jdk-13.0.2\bin\server

VM Arguments:
jvm_args: -agentlib:jdwp=transport=dt_socket,suspend=y,address=localhost:55498 -javaagent:C:\Users\46737\eclipse\java-2019-12\eclipse\configuration\org.eclipse.osgi\226\0\.cp\lib\javaagent-shaded.jar -Dfile.encoding=Cp1252 
java_command: Solutions.RocketEquation
java_class_path (initial): C:\Users\46737\Documents\AoC19\bin
Launcher Type: SUN_STANDARD

[Global flags]
     intx CICompilerCount                          = 4                                         {product} {ergonomic}
     uint ConcGCThreads                            = 2                                         {product} {ergonomic}
     uint G1ConcRefinementThreads                  = 8                                         {product} {ergonomic}
   size_t G1HeapRegionSize                         = 1048576                                   {product} {ergonomic}
    uintx GCDrainStackTargetSize                   = 64                                        {product} {ergonomic}
   size_t InitialHeapSize                          = 132120576                                 {product} {ergonomic}
   size_t MarkStackSize                            = 4194304                                   {product} {ergonomic}
   size_t MaxHeapSize                              = 2090860544                                {product} {ergonomic}
   size_t MaxNewSize                               = 1254096896                                {product} {ergonomic}
   size_t MinHeapDeltaBytes                        = 1048576                                   {product} {ergonomic}
   size_t MinHeapSize                              = 8388608                                   {product} {ergonomic}
    uintx NonNMethodCodeHeapSize                   = 5839372                                {pd product} {ergonomic}
    uintx NonProfiledCodeHeapSize                  = 122909434                              {pd product} {ergonomic}
    uintx ProfiledCodeHeapSize                     = 122909434                              {pd product} {ergonomic}
    uintx ReservedCodeCacheSize                    = 251658240                              {pd product} {ergonomic}
     bool SegmentedCodeCache                       = true                                      {product} {ergonomic}
   size_t SoftMaxHeapSize                          = 2090860544                             {manageable} {ergonomic}
     bool UseCompressedClassPointers               = true                                 {lp64_product} {ergonomic}
     bool UseCompressedOops                        = true                                 {lp64_product} {ergonomic}
     bool UseG1GC                                  = true                                      {product} {ergonomic}
     bool UseLargePagesIndividualAllocation        = false                                  {pd product} {ergonomic}

Logging:
Log output configuration:
 #0: stdout all=warning uptime,level,tags
 #1: stderr all=off uptime,level,tags

Environment Variables:
PATH=C:/Program Files/Java/jdk-13.0.2/bin/server;C:/Program Files/Java/jdk-13.0.2/bin;C:\Windows\system32;C:\Windows;C:\Windows\System32\Wbem;C:\Windows\System32\WindowsPowerShell\v1.0\;C:\Windows\System32\OpenSSH\;C:\Program Files\Intel\WiFi\bin\;C:\Program Files\Common Files\Intel\WirelessCommon\;C:\Users\46737\AppData\Local\Microsoft\WindowsApps;;C:\Windows\System32;
USERNAME=46737
OS=Windows_NT
PROCESSOR_IDENTIFIER=Intel64 Family 6 Model 142 Stepping 12, GenuineIntel



---------------  S Y S T E M  ---------------

OS: Windows 10 , 64 bit Build 17763 (10.0.17763.475)

CPU:total 8 (initial active 8) (4 cores per cpu, 2 threads per core) family 6 model 142 stepping 12, cmov, cx8, fxsr, mmx, sse, sse2, sse3, ssse3, sse4.1, sse4.2, popcnt, avx, avx2, aes, clmul, erms, 3dnowpref, lzcnt, ht, tsc, tscinvbit, bmi1, bmi2, adx, fma

Memory: 4k page, system-wide physical 7971M (1560M free)
TotalPageFile size 12026M (AvailPageFile size 1607M)
current process WorkingSet (physical memory assigned to process): 40M, peak: 41M
current process commit charge ("private bytes"): 213M, peak: 215M

vm_info: Java HotSpot(TM) 64-Bit Server VM (13.0.2+8) for windows-amd64 JRE (13.0.2+8), built on Dec 11 2019 09:20:33 by "mach5one" with unknown MS VC++:1916

END.
